{"/Users/julianquinteiro/Desktop/quinteiro_sooft_tecnica/src/App.tsx": {"path":"/Users/julianquinteiro/Desktop/quinteiro_sooft_tecnica/src/App.tsx","statementMap":{"0":{"start":{"line":1,"column":0},"end":{"line":1,"column":59}},"1":{"start":{"line":2,"column":0},"end":{"line":2,"column":65}},"2":{"start":{"line":3,"column":0},"end":{"line":3,"column":19}},"3":{"start":{"line":4,"column":0},"end":{"line":4,"column":47}},"4":{"start":{"line":7,"column":16},"end":{"line":7,"column":32}},"5":{"start":{"line":9,"column":2},"end":{"line":30,"column":4}},"6":{"start":{"line":33,"column":0},"end":{"line":33,"column":19}}},"fnMap":{"0":{"name":"App","decl":{"start":{"line":6,"column":9},"end":{"line":6,"column":12}},"loc":{"start":{"line":6,"column":12},"end":{"line":31,"column":1}}}},"branchMap":{},"s":{"0":0,"1":0,"2":0,"3":0,"4":0,"5":0,"6":0},"f":{"0":0},"b":{}}
,"/Users/julianquinteiro/Desktop/quinteiro_sooft_tecnica/src/i18n.ts": {"path":"/Users/julianquinteiro/Desktop/quinteiro_sooft_tecnica/src/i18n.ts","statementMap":{"0":{"start":{"line":1,"column":0},"end":{"line":1,"column":27}},"1":{"start":{"line":2,"column":0},"end":{"line":2,"column":49}},"2":{"start":{"line":3,"column":0},"end":{"line":3,"column":35}},"3":{"start":{"line":4,"column":0},"end":{"line":4,"column":35}},"4":{"start":{"line":6,"column":0},"end":{"line":15,"column":3}},"5":{"start":{"line":17,"column":0},"end":{"line":17,"column":20}}},"fnMap":{},"branchMap":{},"s":{"0":5,"1":5,"2":5,"3":5,"4":5,"5":5},"f":{},"b":{}}
,"/Users/julianquinteiro/Desktop/quinteiro_sooft_tecnica/src/components/index.ts": {"path":"/Users/julianquinteiro/Desktop/quinteiro_sooft_tecnica/src/components/index.ts","statementMap":{"0":{"start":{"line":1,"column":0},"end":{"line":1,"column":9}},"1":{"start":{"line":1,"column":9},"end":{"line":1,"column":42}},"2":{"start":{"line":2,"column":0},"end":{"line":2,"column":9}},"3":{"start":{"line":2,"column":9},"end":{"line":2,"column":40}},"4":{"start":{"line":3,"column":0},"end":{"line":3,"column":9}},"5":{"start":{"line":3,"column":9},"end":{"line":3,"column":42}},"6":{"start":{"line":4,"column":0},"end":{"line":4,"column":9}},"7":{"start":{"line":4,"column":9},"end":{"line":4,"column":42}}},"fnMap":{"0":{"name":"(anonymous_0)","decl":{"start":{"line":1,"column":9},"end":{"line":1,"column":19}},"loc":{"start":{"line":1,"column":9},"end":{"line":1,"column":42}}},"1":{"name":"(anonymous_1)","decl":{"start":{"line":2,"column":9},"end":{"line":2,"column":18}},"loc":{"start":{"line":2,"column":9},"end":{"line":2,"column":40}}},"2":{"name":"(anonymous_2)","decl":{"start":{"line":3,"column":9},"end":{"line":3,"column":19}},"loc":{"start":{"line":3,"column":9},"end":{"line":3,"column":42}}},"3":{"name":"(anonymous_3)","decl":{"start":{"line":4,"column":9},"end":{"line":4,"column":19}},"loc":{"start":{"line":4,"column":9},"end":{"line":4,"column":42}}}},"branchMap":{},"s":{"0":0,"1":0,"2":0,"3":0,"4":0,"5":0,"6":0,"7":0},"f":{"0":0,"1":0,"2":0,"3":0},"b":{}}
,"/Users/julianquinteiro/Desktop/quinteiro_sooft_tecnica/src/components/PhraseCard/index.tsx": {"path":"/Users/julianquinteiro/Desktop/quinteiro_sooft_tecnica/src/components/PhraseCard/index.tsx","statementMap":{"0":{"start":{"line":2,"column":0},"end":{"line":2,"column":41}},"1":{"start":{"line":4,"column":0},"end":{"line":4,"column":58}},"2":{"start":{"line":5,"column":0},"end":{"line":5,"column":107}},"3":{"start":{"line":6,"column":0},"end":{"line":6,"column":47}},"4":{"start":{"line":13,"column":47},"end":{"line":92,"column":1}},"5":{"start":{"line":14,"column":27},"end":{"line":14,"column":39}},"6":{"start":{"line":15,"column":16},"end":{"line":15,"column":32}},"7":{"start":{"line":16,"column":40},"end":{"line":16,"column":55}},"8":{"start":{"line":17,"column":18},"end":{"line":17,"column":46}},"9":{"start":{"line":18,"column":26},"end":{"line":18,"column":57}},"10":{"start":{"line":20,"column":28},"end":{"line":22,"column":3}},"11":{"start":{"line":21,"column":4},"end":{"line":21,"column":25}},"12":{"start":{"line":24,"column":30},"end":{"line":42,"column":3}},"13":{"start":{"line":25,"column":4},"end":{"line":25,"column":28}},"14":{"start":{"line":26,"column":4},"end":{"line":26,"column":26}},"15":{"start":{"line":29,"column":25},"end":{"line":29,"column":69}},"16":{"start":{"line":30,"column":4},"end":{"line":36,"column":5}},"17":{"start":{"line":31,"column":6},"end":{"line":31,"column":53}},"18":{"start":{"line":33,"column":6},"end":{"line":35,"column":15}},"19":{"start":{"line":34,"column":8},"end":{"line":34,"column":38}},"20":{"start":{"line":39,"column":4},"end":{"line":41,"column":5}},"21":{"start":{"line":40,"column":6},"end":{"line":40,"column":26}},"22":{"start":{"line":44,"column":29},"end":{"line":48,"column":3}},"23":{"start":{"line":45,"column":4},"end":{"line":45,"column":26}},"24":{"start":{"line":47,"column":4},"end":{"line":47,"column":37}},"25":{"start":{"line":50,"column":24},"end":{"line":54,"column":3}},"26":{"start":{"line":51,"column":4},"end":{"line":53,"column":5}},"27":{"start":{"line":52,"column":6},"end":{"line":52,"column":27}},"28":{"start":{"line":56,"column":2},"end":{"line":91,"column":4}},"29":{"start":{"line":77,"column":40},"end":{"line":77,"column":59}},"30":{"start":{"line":13,"column":13},"end":{"line":13,"column":47}}},"fnMap":{"0":{"name":"(anonymous_0)","decl":{"start":{"line":13,"column":47},"end":{"line":13,"column":48}},"loc":{"start":{"line":13,"column":72},"end":{"line":92,"column":1}}},"1":{"name":"(anonymous_1)","decl":{"start":{"line":20,"column":28},"end":{"line":20,"column":31}},"loc":{"start":{"line":20,"column":33},"end":{"line":22,"column":3}}},"2":{"name":"(anonymous_2)","decl":{"start":{"line":24,"column":30},"end":{"line":24,"column":33}},"loc":{"start":{"line":24,"column":35},"end":{"line":42,"column":3}}},"3":{"name":"(anonymous_3)","decl":{"start":{"line":33,"column":17},"end":{"line":33,"column":20}},"loc":{"start":{"line":33,"column":22},"end":{"line":35,"column":7}}},"4":{"name":"(anonymous_4)","decl":{"start":{"line":44,"column":29},"end":{"line":44,"column":32}},"loc":{"start":{"line":44,"column":34},"end":{"line":48,"column":3}}},"5":{"name":"(anonymous_5)","decl":{"start":{"line":50,"column":24},"end":{"line":50,"column":25}},"loc":{"start":{"line":50,"column":51},"end":{"line":54,"column":3}}},"6":{"name":"(anonymous_6)","decl":{"start":{"line":77,"column":33},"end":{"line":77,"column":34}},"loc":{"start":{"line":77,"column":40},"end":{"line":77,"column":59}}}},"branchMap":{"0":{"loc":{"start":{"line":30,"column":4},"end":{"line":36,"column":5}},"type":"if","locations":[{"start":{"line":30,"column":4},"end":{"line":36,"column":5}},{"start":{},"end":{}}]},"1":{"loc":{"start":{"line":39,"column":4},"end":{"line":41,"column":5}},"type":"if","locations":[{"start":{"line":39,"column":4},"end":{"line":41,"column":5}},{"start":{},"end":{}}]},"2":{"loc":{"start":{"line":51,"column":4},"end":{"line":53,"column":5}},"type":"if","locations":[{"start":{"line":51,"column":4},"end":{"line":53,"column":5}},{"start":{},"end":{}}]},"3":{"loc":{"start":{"line":69,"column":7},"end":{"line":88,"column":null}},"type":"binary-expr","locations":[{"start":{"line":69,"column":7},"end":{"line":69,"column":18}},{"start":{"line":70,"column":8},"end":{"line":87,"column":null}}]}},"s":{"0":3,"1":3,"2":3,"3":3,"4":3,"5":10,"6":10,"7":10,"8":10,"9":10,"10":10,"11":4,"12":10,"13":3,"14":3,"15":3,"16":3,"17":0,"18":0,"19":0,"20":3,"21":2,"22":10,"23":1,"24":1,"25":10,"26":0,"27":0,"28":10,"29":4,"30":3},"f":{"0":10,"1":4,"2":3,"3":0,"4":1,"5":0,"6":4},"b":{"0":[0,3],"1":[2,1],"2":[0,0],"3":[10,4]}}
,"/Users/julianquinteiro/Desktop/quinteiro_sooft_tecnica/src/components/PhraseCard/styles.ts": {"path":"/Users/julianquinteiro/Desktop/quinteiro_sooft_tecnica/src/components/PhraseCard/styles.ts","statementMap":{"0":{"start":{"line":1,"column":0},"end":{"line":1,"column":39}},"1":{"start":{"line":2,"column":0},"end":{"line":2,"column":41}},"2":{"start":{"line":4,"column":13},"end":{"line":21,"column":2}},"3":{"start":{"line":23,"column":13},"end":{"line":36,"column":2}},"4":{"start":{"line":38,"column":13},"end":{"line":66,"column":2}},"5":{"start":{"line":68,"column":13},"end":{"line":80,"column":2}},"6":{"start":{"line":82,"column":13},"end":{"line":95,"column":2}},"7":{"start":{"line":97,"column":13},"end":{"line":102,"column":2}},"8":{"start":{"line":104,"column":13},"end":{"line":133,"column":2}},"9":{"start":{"line":113,"column":4},"end":{"line":127,"column":null}}},"fnMap":{"0":{"name":"(anonymous_1)","decl":{"start":{"line":112,"column":4},"end":{"line":112,"column":5}},"loc":{"start":{"line":113,"column":4},"end":{"line":127,"column":null}}}},"branchMap":{"0":{"loc":{"start":{"line":113,"column":4},"end":{"line":127,"column":null}},"type":"cond-expr","locations":[{"start":{"line":114,"column":8},"end":{"line":120,"column":null}},{"start":{"line":121,"column":8},"end":{"line":127,"column":null}}]}},"s":{"0":3,"1":3,"2":3,"3":3,"4":3,"5":3,"6":3,"7":3,"8":3,"9":8},"f":{"0":8},"b":{"0":[4,4]}}
,"/Users/julianquinteiro/Desktop/quinteiro_sooft_tecnica/src/components/PhraseForm/index.tsx": {"path":"/Users/julianquinteiro/Desktop/quinteiro_sooft_tecnica/src/components/PhraseForm/index.tsx","statementMap":{"0":{"start":{"line":2,"column":0},"end":{"line":2,"column":52}},"1":{"start":{"line":3,"column":0},"end":{"line":3,"column":58}},"2":{"start":{"line":4,"column":0},"end":{"line":4,"column":72}},"3":{"start":{"line":5,"column":0},"end":{"line":5,"column":47}},"4":{"start":{"line":7,"column":26},"end":{"line":7,"column":27}},"5":{"start":{"line":8,"column":26},"end":{"line":8,"column":29}},"6":{"start":{"line":10,"column":30},"end":{"line":122,"column":1}},"7":{"start":{"line":11,"column":36},"end":{"line":11,"column":48}},"8":{"start":{"line":12,"column":28},"end":{"line":12,"column":57}},"9":{"start":{"line":13,"column":41},"end":{"line":13,"column":53}},"10":{"start":{"line":14,"column":16},"end":{"line":14,"column":32}},"11":{"start":{"line":15,"column":19},"end":{"line":15,"column":49}},"12":{"start":{"line":17,"column":2},"end":{"line":22,"column":35}},"13":{"start":{"line":19,"column":4},"end":{"line":21,"column":5}},"14":{"start":{"line":20,"column":6},"end":{"line":20,"column":31}},"15":{"start":{"line":24,"column":25},"end":{"line":33,"column":3}},"16":{"start":{"line":25,"column":20},"end":{"line":25,"column":33}},"17":{"start":{"line":26,"column":4},"end":{"line":28,"column":5}},"18":{"start":{"line":27,"column":6},"end":{"line":27,"column":66}},"19":{"start":{"line":29,"column":4},"end":{"line":31,"column":5}},"20":{"start":{"line":30,"column":6},"end":{"line":30,"column":66}},"21":{"start":{"line":32,"column":4},"end":{"line":32,"column":16}},"22":{"start":{"line":35,"column":22},"end":{"line":64,"column":3}},"23":{"start":{"line":36,"column":26},"end":{"line":36,"column":42}},"24":{"start":{"line":37,"column":28},"end":{"line":37,"column":57}},"25":{"start":{"line":39,"column":4},"end":{"line":43,"column":5}},"26":{"start":{"line":40,"column":6},"end":{"line":40,"column":32}},"27":{"start":{"line":41,"column":6},"end":{"line":41,"column":32}},"28":{"start":{"line":42,"column":6},"end":{"line":42,"column":13}},"29":{"start":{"line":45,"column":4},"end":{"line":63,"column":5}},"30":{"start":{"line":46,"column":6},"end":{"line":46,"column":31}},"31":{"start":{"line":47,"column":6},"end":{"line":47,"column":23}},"32":{"start":{"line":48,"column":6},"end":{"line":48,"column":21}},"33":{"start":{"line":51,"column":27},"end":{"line":51,"column":71}},"34":{"start":{"line":52,"column":6},"end":{"line":58,"column":7}},"35":{"start":{"line":53,"column":8},"end":{"line":53,"column":52}},"36":{"start":{"line":55,"column":8},"end":{"line":57,"column":17}},"37":{"start":{"line":56,"column":10},"end":{"line":56,"column":40}},"38":{"start":{"line":62,"column":6},"end":{"line":62,"column":31}},"39":{"start":{"line":66,"column":24},"end":{"line":70,"column":3}},"40":{"start":{"line":67,"column":4},"end":{"line":69,"column":5}},"41":{"start":{"line":68,"column":6},"end":{"line":68,"column":20}},"42":{"start":{"line":72,"column":23},"end":{"line":84,"column":3}},"43":{"start":{"line":73,"column":18},"end":{"line":73,"column":32}},"44":{"start":{"line":76,"column":4},"end":{"line":78,"column":5}},"45":{"start":{"line":77,"column":6},"end":{"line":77,"column":21}},"46":{"start":{"line":81,"column":4},"end":{"line":83,"column":5}},"47":{"start":{"line":82,"column":6},"end":{"line":82,"column":26}},"48":{"start":{"line":86,"column":20},"end":{"line":86,"column":36}},"49":{"start":{"line":87,"column":22},"end":{"line":87,"column":57}},"50":{"start":{"line":88,"column":22},"end":{"line":88,"column":51}},"51":{"start":{"line":90,"column":2},"end":{"line":121,"column":4}},"52":{"start":{"line":10,"column":13},"end":{"line":10,"column":30}}},"fnMap":{"0":{"name":"(anonymous_0)","decl":{"start":{"line":10,"column":30},"end":{"line":10,"column":33}},"loc":{"start":{"line":10,"column":35},"end":{"line":122,"column":1}}},"1":{"name":"(anonymous_1)","decl":{"start":{"line":17,"column":12},"end":{"line":17,"column":15}},"loc":{"start":{"line":17,"column":17},"end":{"line":22,"column":3}}},"2":{"name":"(anonymous_2)","decl":{"start":{"line":24,"column":25},"end":{"line":24,"column":26}},"loc":{"start":{"line":24,"column":59},"end":{"line":33,"column":3}}},"3":{"name":"(anonymous_3)","decl":{"start":{"line":35,"column":22},"end":{"line":35,"column":25}},"loc":{"start":{"line":35,"column":27},"end":{"line":64,"column":3}}},"4":{"name":"(anonymous_4)","decl":{"start":{"line":55,"column":19},"end":{"line":55,"column":22}},"loc":{"start":{"line":55,"column":24},"end":{"line":57,"column":9}}},"5":{"name":"(anonymous_5)","decl":{"start":{"line":66,"column":24},"end":{"line":66,"column":25}},"loc":{"start":{"line":66,"column":69},"end":{"line":70,"column":3}}},"6":{"name":"(anonymous_6)","decl":{"start":{"line":72,"column":23},"end":{"line":72,"column":24}},"loc":{"start":{"line":72,"column":66},"end":{"line":84,"column":3}}}},"branchMap":{"0":{"loc":{"start":{"line":19,"column":4},"end":{"line":21,"column":5}},"type":"if","locations":[{"start":{"line":19,"column":4},"end":{"line":21,"column":5}},{"start":{},"end":{}}]},"1":{"loc":{"start":{"line":19,"column":8},"end":{"line":19,"column":44}},"type":"binary-expr","locations":[{"start":{"line":19,"column":8},"end":{"line":19,"column":24}},{"start":{"line":19,"column":28},"end":{"line":19,"column":44}}]},"2":{"loc":{"start":{"line":26,"column":4},"end":{"line":28,"column":5}},"type":"if","locations":[{"start":{"line":26,"column":4},"end":{"line":28,"column":5}},{"start":{},"end":{}}]},"3":{"loc":{"start":{"line":29,"column":4},"end":{"line":31,"column":5}},"type":"if","locations":[{"start":{"line":29,"column":4},"end":{"line":31,"column":5}},{"start":{},"end":{}}]},"4":{"loc":{"start":{"line":39,"column":4},"end":{"line":43,"column":5}},"type":"if","locations":[{"start":{"line":39,"column":4},"end":{"line":43,"column":5}},{"start":{},"end":{}}]},"5":{"loc":{"start":{"line":52,"column":6},"end":{"line":58,"column":7}},"type":"if","locations":[{"start":{"line":52,"column":6},"end":{"line":58,"column":7}},{"start":{},"end":{}}]},"6":{"loc":{"start":{"line":67,"column":4},"end":{"line":69,"column":5}},"type":"if","locations":[{"start":{"line":67,"column":4},"end":{"line":69,"column":5}},{"start":{},"end":{}}]},"7":{"loc":{"start":{"line":76,"column":4},"end":{"line":78,"column":5}},"type":"if","locations":[{"start":{"line":76,"column":4},"end":{"line":78,"column":5}},{"start":{},"end":{}}]},"8":{"loc":{"start":{"line":81,"column":4},"end":{"line":83,"column":5}},"type":"if","locations":[{"start":{"line":81,"column":4},"end":{"line":83,"column":5}},{"start":{},"end":{}}]},"9":{"loc":{"start":{"line":100,"column":22},"end":{"line":100,"column":44}},"type":"binary-expr","locations":[{"start":{"line":100,"column":22},"end":{"line":100,"column":29}},{"start":{"line":100,"column":33},"end":{"line":100,"column":44}}]},"10":{"loc":{"start":{"line":101,"column":26},"end":{"line":101,"column":70}},"type":"cond-expr","locations":[{"start":{"line":101,"column":34},"end":{"line":101,"column":48}},{"start":{"line":101,"column":51},"end":{"line":101,"column":70}}]},"11":{"loc":{"start":{"line":112,"column":7},"end":{"line":115,"column":null}},"type":"binary-expr","locations":[{"start":{"line":112,"column":7},"end":{"line":112,"column":12}},{"start":{"line":113,"column":8},"end":{"line":114,"column":null}}]}},"s":{"0":3,"1":3,"2":3,"3":3,"4":3,"5":3,"6":3,"7":17,"8":17,"9":17,"10":17,"11":17,"12":17,"13":17,"14":12,"15":17,"16":5,"17":5,"18":0,"19":5,"20":0,"21":5,"22":17,"23":5,"24":5,"25":5,"26":0,"27":0,"28":0,"29":5,"30":5,"31":5,"32":5,"33":5,"34":5,"35":0,"36":0,"37":0,"38":0,"39":17,"40":0,"41":0,"42":17,"43":5,"44":5,"45":0,"46":5,"47":5,"48":17,"49":17,"50":17,"51":17,"52":3},"f":{"0":17,"1":17,"2":5,"3":5,"4":0,"5":0,"6":5},"b":{"0":[12,5],"1":[17,12],"2":[0,5],"3":[0,5],"4":[0,5],"5":[0,5],"6":[0,0],"7":[0,5],"8":[5,0],"9":[17,17],"10":[0,17],"11":[17,0]}}
,"/Users/julianquinteiro/Desktop/quinteiro_sooft_tecnica/src/components/PhraseForm/styles.ts": {"path":"/Users/julianquinteiro/Desktop/quinteiro_sooft_tecnica/src/components/PhraseForm/styles.ts","statementMap":{"0":{"start":{"line":1,"column":0},"end":{"line":1,"column":39}},"1":{"start":{"line":2,"column":0},"end":{"line":2,"column":41}},"2":{"start":{"line":4,"column":13},"end":{"line":14,"column":2}},"3":{"start":{"line":16,"column":13},"end":{"line":39,"column":2}},"4":{"start":{"line":41,"column":13},"end":{"line":48,"column":2}},"5":{"start":{"line":44,"column":4},"end":{"line":44,"column":73}},"6":{"start":{"line":50,"column":13},"end":{"line":55,"column":2}},"7":{"start":{"line":57,"column":13},"end":{"line":86,"column":2}}},"fnMap":{"0":{"name":"(anonymous_1)","decl":{"start":{"line":43,"column":11},"end":{"line":43,"column":12}},"loc":{"start":{"line":44,"column":4},"end":{"line":44,"column":73}}}},"branchMap":{"0":{"loc":{"start":{"line":44,"column":4},"end":{"line":44,"column":73}},"type":"cond-expr","locations":[{"start":{"line":44,"column":19},"end":{"line":44,"column":28}},{"start":{"line":44,"column":31},"end":{"line":44,"column":73}}]},"1":{"loc":{"start":{"line":44,"column":31},"end":{"line":44,"column":73}},"type":"cond-expr","locations":[{"start":{"line":44,"column":46},"end":{"line":44,"column":55}},{"start":{"line":44,"column":58},"end":{"line":44,"column":73}}]}},"s":{"0":3,"1":3,"2":3,"3":3,"4":3,"5":17,"6":3,"7":3},"f":{"0":17},"b":{"0":[0,17],"1":[0,17]}}
,"/Users/julianquinteiro/Desktop/quinteiro_sooft_tecnica/src/components/PhraseGrid/index.tsx": {"path":"/Users/julianquinteiro/Desktop/quinteiro_sooft_tecnica/src/components/PhraseGrid/index.tsx","statementMap":{"0":{"start":{"line":2,"column":0},"end":{"line":2,"column":31}},"1":{"start":{"line":3,"column":0},"end":{"line":3,"column":58}},"2":{"start":{"line":4,"column":0},"end":{"line":4,"column":43}},"3":{"start":{"line":5,"column":0},"end":{"line":5,"column":44}},"4":{"start":{"line":6,"column":0},"end":{"line":6,"column":47}},"5":{"start":{"line":8,"column":30},"end":{"line":57,"column":1}},"6":{"start":{"line":9,"column":52},"end":{"line":9,"column":64}},"7":{"start":{"line":10,"column":16},"end":{"line":10,"column":32}},"8":{"start":{"line":11,"column":18},"end":{"line":11,"column":46}},"9":{"start":{"line":13,"column":29},"end":{"line":13,"column":89}},"10":{"start":{"line":14,"column":25},"end":{"line":14,"column":54}},"11":{"start":{"line":15,"column":29},"end":{"line":15,"column":73}},"12":{"start":{"line":18,"column":23},"end":{"line":37,"column":3}},"13":{"start":{"line":20,"column":25},"end":{"line":20,"column":69}},"14":{"start":{"line":20,"column":50},"end":{"line":20,"column":68}},"15":{"start":{"line":21,"column":23},"end":{"line":21,"column":77}},"16":{"start":{"line":23,"column":4},"end":{"line":36,"column":5}},"17":{"start":{"line":25,"column":23},"end":{"line":25,"column":102}},"18":{"start":{"line":26,"column":6},"end":{"line":32,"column":7}},"19":{"start":{"line":28,"column":29},"end":{"line":28,"column":82}},"20":{"start":{"line":29,"column":8},"end":{"line":31,"column":9}},"21":{"start":{"line":30,"column":10},"end":{"line":30,"column":52}},"22":{"start":{"line":30,"column":27},"end":{"line":30,"column":47}},"23":{"start":{"line":33,"column":11},"end":{"line":36,"column":5}},"24":{"start":{"line":35,"column":6},"end":{"line":35,"column":31}},"25":{"start":{"line":39,"column":2},"end":{"line":56,"column":4}},"26":{"start":{"line":47,"column":12},"end":{"line":47,"column":40}},"27":{"start":{"line":8,"column":13},"end":{"line":8,"column":30}}},"fnMap":{"0":{"name":"(anonymous_0)","decl":{"start":{"line":8,"column":30},"end":{"line":8,"column":33}},"loc":{"start":{"line":8,"column":35},"end":{"line":57,"column":1}}},"1":{"name":"(anonymous_1)","decl":{"start":{"line":18,"column":23},"end":{"line":18,"column":24}},"loc":{"start":{"line":18,"column":45},"end":{"line":37,"column":3}}},"2":{"name":"(anonymous_2)","decl":{"start":{"line":20,"column":43},"end":{"line":20,"column":44}},"loc":{"start":{"line":20,"column":50},"end":{"line":20,"column":68}}},"3":{"name":"(anonymous_3)","decl":{"start":{"line":30,"column":21},"end":{"line":30,"column":24}},"loc":{"start":{"line":30,"column":27},"end":{"line":30,"column":47}}},"4":{"name":"(anonymous_4)","decl":{"start":{"line":46,"column":22},"end":{"line":46,"column":23}},"loc":{"start":{"line":47,"column":12},"end":{"line":47,"column":40}}}},"branchMap":{"0":{"loc":{"start":{"line":13,"column":29},"end":{"line":13,"column":89}},"type":"binary-expr","locations":[{"start":{"line":13,"column":29},"end":{"line":13,"column":59}},{"start":{"line":13,"column":63},"end":{"line":13,"column":89}}]},"1":{"loc":{"start":{"line":15,"column":29},"end":{"line":15,"column":73}},"type":"binary-expr","locations":[{"start":{"line":15,"column":29},"end":{"line":15,"column":51}},{"start":{"line":15,"column":55},"end":{"line":15,"column":73}}]},"2":{"loc":{"start":{"line":21,"column":23},"end":{"line":21,"column":77}},"type":"binary-expr","locations":[{"start":{"line":21,"column":23},"end":{"line":21,"column":48}},{"start":{"line":21,"column":52},"end":{"line":21,"column":77}}]},"3":{"loc":{"start":{"line":23,"column":4},"end":{"line":36,"column":5}},"type":"if","locations":[{"start":{"line":23,"column":4},"end":{"line":36,"column":5}},{"start":{"line":33,"column":11},"end":{"line":36,"column":5}}]},"4":{"loc":{"start":{"line":26,"column":6},"end":{"line":32,"column":7}},"type":"if","locations":[{"start":{"line":26,"column":6},"end":{"line":32,"column":7}},{"start":{},"end":{}}]},"5":{"loc":{"start":{"line":29,"column":8},"end":{"line":31,"column":9}},"type":"if","locations":[{"start":{"line":29,"column":8},"end":{"line":31,"column":9}},{"start":{},"end":{}}]},"6":{"loc":{"start":{"line":33,"column":11},"end":{"line":36,"column":5}},"type":"if","locations":[{"start":{"line":33,"column":11},"end":{"line":36,"column":5}},{"start":{},"end":{}}]},"7":{"loc":{"start":{"line":41,"column":7},"end":{"line":42,"column":null}},"type":"binary-expr","locations":[{"start":{"line":41,"column":7},"end":{"line":41,"column":25}},{"start":{"line":42,"column":8},"end":{"line":42,"column":34}}]},"8":{"loc":{"start":{"line":45,"column":9},"end":{"line":53,"column":16}},"type":"cond-expr","locations":[{"start":{"line":46,"column":10},"end":{"line":48,"column":12}},{"start":{"line":49,"column":12},"end":{"line":53,"column":16}}]},"9":{"loc":{"start":{"line":49,"column":12},"end":{"line":53,"column":16}},"type":"cond-expr","locations":[{"start":{"line":50,"column":10},"end":{"line":51,"column":null}},{"start":{"line":53,"column":12},"end":{"line":53,"column":16}}]}},"s":{"0":2,"1":2,"2":2,"3":2,"4":2,"5":2,"6":6,"7":6,"8":6,"9":6,"10":6,"11":6,"12":6,"13":2,"14":2,"15":2,"16":2,"17":0,"18":0,"19":0,"20":0,"21":0,"22":0,"23":2,"24":2,"25":6,"26":2,"27":2},"f":{"0":6,"1":2,"2":2,"3":0,"4":2},"b":{"0":[6,6],"1":[6,6],"2":[2,2],"3":[0,2],"4":[0,0],"5":[0,0],"6":[2,0],"7":[6,2],"8":[2,4],"9":[0,4]}}
,"/Users/julianquinteiro/Desktop/quinteiro_sooft_tecnica/src/components/PhraseGrid/styles.ts": {"path":"/Users/julianquinteiro/Desktop/quinteiro_sooft_tecnica/src/components/PhraseGrid/styles.ts","statementMap":{"0":{"start":{"line":1,"column":0},"end":{"line":1,"column":39}},"1":{"start":{"line":2,"column":0},"end":{"line":2,"column":41}},"2":{"start":{"line":4,"column":13},"end":{"line":27,"column":2}},"3":{"start":{"line":29,"column":13},"end":{"line":35,"column":2}}},"fnMap":{},"branchMap":{},"s":{"0":2,"1":2,"2":2,"3":2},"f":{},"b":{}}
,"/Users/julianquinteiro/Desktop/quinteiro_sooft_tecnica/src/components/SearchBar/index.tsx": {"path":"/Users/julianquinteiro/Desktop/quinteiro_sooft_tecnica/src/components/SearchBar/index.tsx","statementMap":{"0":{"start":{"line":2,"column":0},"end":{"line":2,"column":58}},"1":{"start":{"line":3,"column":0},"end":{"line":3,"column":54}},"2":{"start":{"line":4,"column":0},"end":{"line":4,"column":52}},"3":{"start":{"line":5,"column":0},"end":{"line":5,"column":51}},"4":{"start":{"line":6,"column":0},"end":{"line":6,"column":47}},"5":{"start":{"line":12,"column":26},"end":{"line":12,"column":27}},"6":{"start":{"line":16,"column":2},"end":{"line":16,"column":41}},"7":{"start":{"line":19,"column":47},"end":{"line":64,"column":1}},"8":{"start":{"line":20,"column":59},"end":{"line":20,"column":71}},"9":{"start":{"line":21,"column":16},"end":{"line":21,"column":32}},"10":{"start":{"line":23,"column":34},"end":{"line":32,"column":9}},"11":{"start":{"line":24,"column":22},"end":{"line":24,"column":43}},"12":{"start":{"line":26,"column":4},"end":{"line":31,"column":5}},"13":{"start":{"line":27,"column":6},"end":{"line":27,"column":32}},"14":{"start":{"line":30,"column":6},"end":{"line":30,"column":25}},"15":{"start":{"line":34,"column":23},"end":{"line":36,"column":3}},"16":{"start":{"line":35,"column":4},"end":{"line":35,"column":44}},"17":{"start":{"line":39,"column":29},"end":{"line":39,"column":89}},"18":{"start":{"line":40,"column":2},"end":{"line":40,"column":39}},"19":{"start":{"line":40,"column":27},"end":{"line":40,"column":39}},"20":{"start":{"line":42,"column":2},"end":{"line":63,"column":4}},"21":{"start":{"line":66,"column":13},"end":{"line":66,"column":57}}},"fnMap":{"0":{"name":"collapseSpaces","decl":{"start":{"line":15,"column":9},"end":{"line":15,"column":23}},"loc":{"start":{"line":15,"column":35},"end":{"line":17,"column":1}}},"1":{"name":"(anonymous_1)","decl":{"start":{"line":19,"column":47},"end":{"line":19,"column":48}},"loc":{"start":{"line":19,"column":65},"end":{"line":64,"column":1}}},"2":{"name":"(anonymous_2)","decl":{"start":{"line":23,"column":46},"end":{"line":23,"column":47}},"loc":{"start":{"line":23,"column":64},"end":{"line":32,"column":3}}},"3":{"name":"(anonymous_3)","decl":{"start":{"line":34,"column":23},"end":{"line":34,"column":24}},"loc":{"start":{"line":34,"column":60},"end":{"line":36,"column":3}}}},"branchMap":{"0":{"loc":{"start":{"line":26,"column":4},"end":{"line":31,"column":5}},"type":"if","locations":[{"start":{"line":26,"column":4},"end":{"line":31,"column":5}},{"start":{"line":28,"column":11},"end":{"line":31,"column":5}}]},"1":{"loc":{"start":{"line":26,"column":8},"end":{"line":26,"column":71}},"type":"binary-expr","locations":[{"start":{"line":26,"column":8},"end":{"line":26,"column":30}},{"start":{"line":26,"column":34},"end":{"line":26,"column":71}}]},"2":{"loc":{"start":{"line":39,"column":29},"end":{"line":39,"column":89}},"type":"binary-expr","locations":[{"start":{"line":39,"column":29},"end":{"line":39,"column":59}},{"start":{"line":39,"column":63},"end":{"line":39,"column":89}}]},"3":{"loc":{"start":{"line":40,"column":2},"end":{"line":40,"column":39}},"type":"if","locations":[{"start":{"line":40,"column":2},"end":{"line":40,"column":39}},{"start":{},"end":{}}]},"4":{"loc":{"start":{"line":51,"column":10},"end":{"line":53,"column":44}},"type":"cond-expr","locations":[{"start":{"line":52,"column":14},"end":{"line":52,"column":40}},{"start":{"line":53,"column":14},"end":{"line":53,"column":44}}]}},"s":{"0":2,"1":2,"2":2,"3":2,"4":2,"5":2,"6":9,"7":2,"8":11,"9":11,"10":11,"11":9,"12":9,"13":8,"14":1,"15":11,"16":12,"17":11,"18":11,"19":2,"20":9,"21":2},"f":{"0":9,"1":11,"2":9,"3":12},"b":{"0":[8,1],"1":[9,8],"2":[11,11],"3":[2,9],"4":[0,9]}}
,"/Users/julianquinteiro/Desktop/quinteiro_sooft_tecnica/src/components/SearchBar/styles.ts": {"path":"/Users/julianquinteiro/Desktop/quinteiro_sooft_tecnica/src/components/SearchBar/styles.ts","statementMap":{"0":{"start":{"line":1,"column":0},"end":{"line":1,"column":39}},"1":{"start":{"line":2,"column":0},"end":{"line":2,"column":41}},"2":{"start":{"line":4,"column":13},"end":{"line":8,"column":2}},"3":{"start":{"line":10,"column":13},"end":{"line":15,"column":2}},"4":{"start":{"line":17,"column":13},"end":{"line":38,"column":2}}},"fnMap":{},"branchMap":{},"s":{"0":2,"1":2,"2":2,"3":2,"4":2},"f":{},"b":{}}
,"/Users/julianquinteiro/Desktop/quinteiro_sooft_tecnica/src/context/PhrasesContext.tsx": {"path":"/Users/julianquinteiro/Desktop/quinteiro_sooft_tecnica/src/context/PhrasesContext.tsx","statementMap":{"0":{"start":{"line":1,"column":0},"end":{"line":1,"column":null}},"1":{"start":{"line":30,"column":23},"end":{"line":30,"column":79}},"2":{"start":{"line":32,"column":20},"end":{"line":32,"column":32}},"3":{"start":{"line":36,"column":2},"end":{"line":36,"column":55}},"4":{"start":{"line":39,"column":25},"end":{"line":53,"column":1}},"5":{"start":{"line":40,"column":2},"end":{"line":52,"column":3}},"6":{"start":{"line":41,"column":16},"end":{"line":41,"column":49}},"7":{"start":{"line":42,"column":4},"end":{"line":42,"column":54}},"8":{"start":{"line":42,"column":14},"end":{"line":42,"column":54}},"9":{"start":{"line":44,"column":6},"end":{"line":44,"column":21}},"10":{"start":{"line":45,"column":4},"end":{"line":48,"column":6}},"11":{"start":{"line":46,"column":34},"end":{"line":46,"column":76}},"12":{"start":{"line":51,"column":4},"end":{"line":51,"column":44}},"13":{"start":{"line":60,"column":23},"end":{"line":87,"column":1}},"14":{"start":{"line":61,"column":2},"end":{"line":86,"column":3}},"15":{"start":{"line":63,"column":6},"end":{"line":73,"column":8}},"16":{"start":{"line":75,"column":6},"end":{"line":78,"column":8}},"17":{"start":{"line":77,"column":50},"end":{"line":77,"column":78}},"18":{"start":{"line":80,"column":6},"end":{"line":83,"column":8}},"19":{"start":{"line":85,"column":6},"end":{"line":85,"column":19}},"20":{"start":{"line":89,"column":31},"end":{"line":156,"column":1}},"21":{"start":{"line":90,"column":28},"end":{"line":93,"column":null}},"22":{"start":{"line":93,"column":10},"end":{"line":93,"column":28}},"23":{"start":{"line":97,"column":2},"end":{"line":107,"column":22}},"24":{"start":{"line":98,"column":4},"end":{"line":106,"column":5}},"25":{"start":{"line":99,"column":27},"end":{"line":102,"column":9}},"26":{"start":{"line":99,"column":53},"end":{"line":102,"column":8}},"27":{"start":{"line":103,"column":6},"end":{"line":103,"column":70}},"28":{"start":{"line":109,"column":20},"end":{"line":111,"column":8}},"29":{"start":{"line":110,"column":4},"end":{"line":110,"column":52}},"30":{"start":{"line":113,"column":23},"end":{"line":115,"column":8}},"31":{"start":{"line":114,"column":4},"end":{"line":114,"column":53}},"32":{"start":{"line":117,"column":25},"end":{"line":119,"column":8}},"33":{"start":{"line":118,"column":4},"end":{"line":118,"column":59}},"34":{"start":{"line":122,"column":30},"end":{"line":122,"column":65}},"35":{"start":{"line":125,"column":22},"end":{"line":131,"column":27}},"36":{"start":{"line":126,"column":4},"end":{"line":128,"column":5}},"37":{"start":{"line":127,"column":6},"end":{"line":127,"column":18}},"38":{"start":{"line":129,"column":20},"end":{"line":129,"column":53}},"39":{"start":{"line":130,"column":4},"end":{"line":130,"column":36}},"40":{"start":{"line":134,"column":26},"end":{"line":139,"column":34}},"41":{"start":{"line":135,"column":4},"end":{"line":137,"column":5}},"42":{"start":{"line":136,"column":6},"end":{"line":136,"column":27}},"43":{"start":{"line":138,"column":4},"end":{"line":138,"column":75}},"44":{"start":{"line":138,"column":44},"end":{"line":138,"column":73}},"45":{"start":{"line":141,"column":16},"end":{"line":150,"column":null}},"46":{"start":{"line":142,"column":11},"end":{"line":149,"column":6}},"47":{"start":{"line":153,"column":2},"end":{"line":155,"column":4}},"48":{"start":{"line":89,"column":13},"end":{"line":89,"column":31}},"49":{"start":{"line":158,"column":26},"end":{"line":164,"column":1}},"50":{"start":{"line":159,"column":18},"end":{"line":159,"column":44}},"51":{"start":{"line":160,"column":2},"end":{"line":162,"column":3}},"52":{"start":{"line":161,"column":4},"end":{"line":161,"column":72}},"53":{"start":{"line":163,"column":2},"end":{"line":163,"column":17}},"54":{"start":{"line":158,"column":13},"end":{"line":158,"column":26}}},"fnMap":{"0":{"name":"escapeRegExp","decl":{"start":{"line":35,"column":9},"end":{"line":35,"column":21}},"loc":{"start":{"line":35,"column":36},"end":{"line":37,"column":1}}},"1":{"name":"(anonymous_1)","decl":{"start":{"line":39,"column":25},"end":{"line":39,"column":42}},"loc":{"start":{"line":39,"column":44},"end":{"line":53,"column":1}}},"2":{"name":"(anonymous_2)","decl":{"start":{"line":46,"column":26},"end":{"line":46,"column":27}},"loc":{"start":{"line":46,"column":34},"end":{"line":46,"column":76}}},"3":{"name":"(anonymous_3)","decl":{"start":{"line":60,"column":23},"end":{"line":60,"column":24}},"loc":{"start":{"line":60,"column":77},"end":{"line":87,"column":1}}},"4":{"name":"(anonymous_4)","decl":{"start":{"line":77,"column":38},"end":{"line":77,"column":39}},"loc":{"start":{"line":77,"column":50},"end":{"line":77,"column":78}}},"5":{"name":"(anonymous_5)","decl":{"start":{"line":89,"column":31},"end":{"line":89,"column":32}},"loc":{"start":{"line":89,"column":73},"end":{"line":156,"column":1}}},"6":{"name":"(anonymous_6)","decl":{"start":{"line":93,"column":4},"end":{"line":93,"column":7}},"loc":{"start":{"line":93,"column":10},"end":{"line":93,"column":28}}},"7":{"name":"(anonymous_7)","decl":{"start":{"line":97,"column":12},"end":{"line":97,"column":15}},"loc":{"start":{"line":97,"column":17},"end":{"line":107,"column":3}}},"8":{"name":"(anonymous_8)","decl":{"start":{"line":99,"column":45},"end":{"line":99,"column":46}},"loc":{"start":{"line":99,"column":53},"end":{"line":102,"column":8}}},"9":{"name":"(anonymous_9)","decl":{"start":{"line":109,"column":32},"end":{"line":109,"column":33}},"loc":{"start":{"line":109,"column":49},"end":{"line":111,"column":3}}},"10":{"name":"(anonymous_10)","decl":{"start":{"line":113,"column":35},"end":{"line":113,"column":36}},"loc":{"start":{"line":113,"column":50},"end":{"line":115,"column":3}}},"11":{"name":"(anonymous_11)","decl":{"start":{"line":117,"column":37},"end":{"line":117,"column":38}},"loc":{"start":{"line":117,"column":55},"end":{"line":119,"column":3}}},"12":{"name":"(anonymous_12)","decl":{"start":{"line":125,"column":30},"end":{"line":125,"column":33}},"loc":{"start":{"line":125,"column":35},"end":{"line":131,"column":3}}},"13":{"name":"(anonymous_13)","decl":{"start":{"line":134,"column":34},"end":{"line":134,"column":37}},"loc":{"start":{"line":134,"column":39},"end":{"line":139,"column":3}}},"14":{"name":"(anonymous_14)","decl":{"start":{"line":138,"column":32},"end":{"line":138,"column":33}},"loc":{"start":{"line":138,"column":44},"end":{"line":138,"column":73}}},"15":{"name":"(anonymous_15)","decl":{"start":{"line":142,"column":4},"end":{"line":142,"column":7}},"loc":{"start":{"line":142,"column":11},"end":{"line":149,"column":6}}},"16":{"name":"(anonymous_16)","decl":{"start":{"line":158,"column":26},"end":{"line":158,"column":29}},"loc":{"start":{"line":158,"column":31},"end":{"line":164,"column":1}}}},"branchMap":{"0":{"loc":{"start":{"line":42,"column":4},"end":{"line":42,"column":54}},"type":"if","locations":[{"start":{"line":42,"column":4},"end":{"line":42,"column":54}},{"start":{},"end":{}}]},"1":{"loc":{"start":{"line":61,"column":2},"end":{"line":86,"column":3}},"type":"switch","locations":[{"start":{"line":62,"column":4},"end":{"line":73,"column":8}},{"start":{"line":74,"column":4},"end":{"line":78,"column":8}},{"start":{"line":79,"column":4},"end":{"line":83,"column":8}},{"start":{"line":84,"column":4},"end":{"line":85,"column":19}}]},"2":{"loc":{"start":{"line":126,"column":4},"end":{"line":128,"column":5}},"type":"if","locations":[{"start":{"line":126,"column":4},"end":{"line":128,"column":5}},{"start":{},"end":{}}]},"3":{"loc":{"start":{"line":126,"column":8},"end":{"line":126,"column":62}},"type":"binary-expr","locations":[{"start":{"line":126,"column":8},"end":{"line":126,"column":28}},{"start":{"line":126,"column":32},"end":{"line":126,"column":62}}]},"4":{"loc":{"start":{"line":135,"column":4},"end":{"line":137,"column":5}},"type":"if","locations":[{"start":{"line":135,"column":4},"end":{"line":137,"column":5}},{"start":{},"end":{}}]},"5":{"loc":{"start":{"line":160,"column":2},"end":{"line":162,"column":3}},"type":"if","locations":[{"start":{"line":160,"column":2},"end":{"line":162,"column":3}},{"start":{},"end":{}}]}},"s":{"0":2,"1":2,"2":2,"3":0,"4":2,"5":4,"6":4,"7":4,"8":4,"9":0,"10":0,"11":0,"12":0,"13":2,"14":6,"15":4,"16":2,"17":2,"18":0,"19":0,"20":2,"21":10,"22":4,"23":10,"24":10,"25":10,"26":4,"27":10,"28":10,"29":4,"30":10,"31":2,"32":10,"33":0,"34":10,"35":10,"36":4,"37":4,"38":0,"39":0,"40":10,"41":10,"42":10,"43":0,"44":0,"45":10,"46":10,"47":10,"48":2,"49":2,"50":26,"51":26,"52":0,"53":26,"54":2},"f":{"0":0,"1":4,"2":0,"3":6,"4":2,"5":10,"6":4,"7":10,"8":4,"9":4,"10":2,"11":0,"12":4,"13":10,"14":0,"15":10,"16":26},"b":{"0":[4,0],"1":[4,2,0,0],"2":[4,0],"3":[4,0],"4":[10,0],"5":[0,26]}}
,"/Users/julianquinteiro/Desktop/quinteiro_sooft_tecnica/src/hoc/withLoading.tsx": {"path":"/Users/julianquinteiro/Desktop/quinteiro_sooft_tecnica/src/hoc/withLoading.tsx","statementMap":{"0":{"start":{"line":8,"column":0},"end":{"line":8,"column":16}},"1":{"start":{"line":2,"column":0},"end":{"line":2,"column":33}},"2":{"start":{"line":11,"column":2},"end":{"line":31,"column":4}},"3":{"start":{"line":12,"column":38},"end":{"line":12,"column":53}},"4":{"start":{"line":15,"column":33},"end":{"line":22,"column":5}},"5":{"start":{"line":16,"column":6},"end":{"line":16,"column":25}},"6":{"start":{"line":17,"column":6},"end":{"line":21,"column":7}},"7":{"start":{"line":18,"column":8},"end":{"line":18,"column":26}},"8":{"start":{"line":20,"column":8},"end":{"line":20,"column":28}},"9":{"start":{"line":24,"column":4},"end":{"line":30,"column":6}}},"fnMap":{"0":{"name":"withLoading","decl":{"start":{"line":8,"column":16},"end":{"line":8,"column":27}},"loc":{"start":{"line":9,"column":55},"end":{"line":32,"column":1}}},"1":{"name":"WithLoadingComponent","decl":{"start":{"line":11,"column":18},"end":{"line":11,"column":38}},"loc":{"start":{"line":11,"column":47},"end":{"line":31,"column":3}}},"2":{"name":"(anonymous_2)","decl":{"start":{"line":15,"column":33},"end":{"line":15,"column":38}},"loc":{"start":{"line":15,"column":74},"end":{"line":22,"column":5}}}},"branchMap":{},"s":{"0":2,"1":2,"2":2,"3":10,"4":10,"5":0,"6":0,"7":0,"8":0,"9":10},"f":{"0":2,"1":10,"2":0},"b":{}}
,"/Users/julianquinteiro/Desktop/quinteiro_sooft_tecnica/src/hooks/useDebounce.ts": {"path":"/Users/julianquinteiro/Desktop/quinteiro_sooft_tecnica/src/hooks/useDebounce.ts","statementMap":{"0":{"start":{"line":3,"column":0},"end":{"line":3,"column":16}},"1":{"start":{"line":1,"column":0},"end":{"line":1,"column":44}},"2":{"start":{"line":7,"column":21},"end":{"line":7,"column":81}},"3":{"start":{"line":10,"column":2},"end":{"line":21,"column":4}},"4":{"start":{"line":12,"column":6},"end":{"line":14,"column":7}},"5":{"start":{"line":13,"column":8},"end":{"line":13,"column":41}},"6":{"start":{"line":16,"column":6},"end":{"line":18,"column":16}},"7":{"start":{"line":17,"column":8},"end":{"line":17,"column":26}}},"fnMap":{"0":{"name":"useDebounce","decl":{"start":{"line":3,"column":16},"end":{"line":3,"column":27}},"loc":{"start":{"line":5,"column":15},"end":{"line":22,"column":1}}},"1":{"name":"(anonymous_1)","decl":{"start":{"line":11,"column":4},"end":{"line":11,"column":5}},"loc":{"start":{"line":11,"column":31},"end":{"line":19,"column":5}}},"2":{"name":"(anonymous_2)","decl":{"start":{"line":16,"column":38},"end":{"line":16,"column":41}},"loc":{"start":{"line":16,"column":43},"end":{"line":18,"column":7}}}},"branchMap":{"0":{"loc":{"start":{"line":12,"column":6},"end":{"line":14,"column":7}},"type":"if","locations":[{"start":{"line":12,"column":6},"end":{"line":14,"column":7}},{"start":{},"end":{}}]}},"s":{"0":2,"1":2,"2":11,"3":11,"4":12,"5":3,"6":12,"7":9},"f":{"0":11,"1":12,"2":9},"b":{"0":[3,9]}}
,"/Users/julianquinteiro/Desktop/quinteiro_sooft_tecnica/src/styles/colors.ts": {"path":"/Users/julianquinteiro/Desktop/quinteiro_sooft_tecnica/src/styles/colors.ts","statementMap":{"0":{"start":{"line":1,"column":13},"end":{"line":21,"column":2}},"1":{"start":{"line":23,"column":0},"end":{"line":23,"column":22}}},"fnMap":{},"branchMap":{},"s":{"0":5,"1":5},"f":{},"b":{}}
}
