TN:
SF:src/App.tsx
FN:6,App
FNF:1
FNH:0
FNDA:0,App
DA:1,0
DA:2,0
DA:3,0
DA:4,0
DA:7,0
DA:9,0
DA:33,0
LF:7
LH:0
BRF:0
BRH:0
end_of_record
TN:
SF:src/i18n.ts
FNF:0
FNH:0
DA:1,5
DA:2,5
DA:3,5
DA:4,5
DA:6,5
DA:17,5
LF:6
LH:6
BRF:0
BRH:0
end_of_record
TN:
SF:src/components/index.ts
FN:1,(anonymous_0)
FN:2,(anonymous_1)
FN:3,(anonymous_2)
FN:4,(anonymous_3)
FNF:4
FNH:0
FNDA:0,(anonymous_0)
FNDA:0,(anonymous_1)
FNDA:0,(anonymous_2)
FNDA:0,(anonymous_3)
DA:1,0
DA:2,0
DA:3,0
DA:4,0
LF:4
LH:0
BRF:0
BRH:0
end_of_record
TN:
SF:src/components/PhraseCard/index.tsx
FN:13,(anonymous_0)
FN:20,(anonymous_1)
FN:24,(anonymous_2)
FN:33,(anonymous_3)
FN:44,(anonymous_4)
FN:50,(anonymous_5)
FN:77,(anonymous_6)
FNF:7
FNH:5
FNDA:10,(anonymous_0)
FNDA:4,(anonymous_1)
FNDA:3,(anonymous_2)
FNDA:0,(anonymous_3)
FNDA:1,(anonymous_4)
FNDA:0,(anonymous_5)
FNDA:4,(anonymous_6)
DA:2,3
DA:4,3
DA:5,3
DA:6,3
DA:13,3
DA:14,10
DA:15,10
DA:16,10
DA:17,10
DA:18,10
DA:20,10
DA:21,4
DA:24,10
DA:25,3
DA:26,3
DA:29,3
DA:30,3
DA:31,0
DA:33,0
DA:34,0
DA:39,3
DA:40,2
DA:44,10
DA:45,1
DA:47,1
DA:50,10
DA:51,0
DA:52,0
DA:56,10
DA:77,4
LF:30
LH:25
BRDA:30,0,0,0
BRDA:30,0,1,3
BRDA:39,1,0,2
BRDA:39,1,1,1
BRDA:51,2,0,0
BRDA:51,2,1,0
BRDA:69,3,0,10
BRDA:69,3,1,4
BRF:8
BRH:5
end_of_record
TN:
SF:src/components/PhraseCard/styles.ts
FN:112,(anonymous_1)
FNF:1
FNH:1
FNDA:8,(anonymous_1)
DA:1,3
DA:2,3
DA:4,3
DA:23,3
DA:38,3
DA:68,3
DA:82,3
DA:97,3
DA:104,3
DA:113,8
LF:10
LH:10
BRDA:113,0,0,4
BRDA:113,0,1,4
BRF:2
BRH:2
end_of_record
TN:
SF:src/components/PhraseForm/index.tsx
FN:10,(anonymous_0)
FN:17,(anonymous_1)
FN:24,(anonymous_2)
FN:35,(anonymous_3)
FN:55,(anonymous_4)
FN:66,(anonymous_5)
FN:72,(anonymous_6)
FNF:7
FNH:5
FNDA:17,(anonymous_0)
FNDA:17,(anonymous_1)
FNDA:5,(anonymous_2)
FNDA:5,(anonymous_3)
FNDA:0,(anonymous_4)
FNDA:0,(anonymous_5)
FNDA:5,(anonymous_6)
DA:2,3
DA:3,3
DA:4,3
DA:5,3
DA:7,3
DA:8,3
DA:10,3
DA:11,17
DA:12,17
DA:13,17
DA:14,17
DA:15,17
DA:17,17
DA:19,17
DA:20,12
DA:24,17
DA:25,5
DA:26,5
DA:27,0
DA:29,5
DA:30,0
DA:32,5
DA:35,17
DA:36,5
DA:37,5
DA:39,5
DA:40,0
DA:41,0
DA:42,0
DA:45,5
DA:46,5
DA:47,5
DA:48,5
DA:51,5
DA:52,5
DA:53,0
DA:55,0
DA:56,0
DA:62,0
DA:66,17
DA:67,0
DA:68,0
DA:72,17
DA:73,5
DA:76,5
DA:77,0
DA:81,5
DA:82,5
DA:86,17
DA:87,17
DA:88,17
DA:90,17
LF:52
LH:40
BRDA:19,0,0,12
BRDA:19,0,1,5
BRDA:19,1,0,17
BRDA:19,1,1,12
BRDA:26,2,0,0
BRDA:26,2,1,5
BRDA:29,3,0,0
BRDA:29,3,1,5
BRDA:39,4,0,0
BRDA:39,4,1,5
BRDA:52,5,0,0
BRDA:52,5,1,5
BRDA:67,6,0,0
BRDA:67,6,1,0
BRDA:76,7,0,0
BRDA:76,7,1,5
BRDA:81,8,0,5
BRDA:81,8,1,0
BRDA:100,9,0,17
BRDA:100,9,1,17
BRDA:101,10,0,0
BRDA:101,10,1,17
BRDA:112,11,0,17
BRDA:112,11,1,0
BRF:24
BRH:14
end_of_record
TN:
SF:src/components/PhraseForm/styles.ts
FN:43,(anonymous_1)
FNF:1
FNH:1
FNDA:17,(anonymous_1)
DA:1,3
DA:2,3
DA:4,3
DA:16,3
DA:41,3
DA:44,17
DA:50,3
DA:57,3
LF:8
LH:8
BRDA:44,0,0,0
BRDA:44,0,1,17
BRDA:44,1,0,0
BRDA:44,1,1,17
BRF:4
BRH:2
end_of_record
TN:
SF:src/components/PhraseGrid/index.tsx
FN:8,(anonymous_0)
FN:18,(anonymous_1)
FN:20,(anonymous_2)
FN:30,(anonymous_3)
FN:46,(anonymous_4)
FNF:5
FNH:4
FNDA:6,(anonymous_0)
FNDA:2,(anonymous_1)
FNDA:2,(anonymous_2)
FNDA:0,(anonymous_3)
FNDA:2,(anonymous_4)
DA:2,2
DA:3,2
DA:4,2
DA:5,2
DA:6,2
DA:8,2
DA:9,6
DA:10,6
DA:11,6
DA:13,6
DA:14,6
DA:15,6
DA:18,6
DA:20,2
DA:21,2
DA:23,2
DA:25,0
DA:26,0
DA:28,0
DA:29,0
DA:30,0
DA:33,2
DA:35,2
DA:39,6
DA:47,2
LF:25
LH:20
BRDA:13,0,0,6
BRDA:13,0,1,6
BRDA:15,1,0,6
BRDA:15,1,1,6
BRDA:21,2,0,2
BRDA:21,2,1,2
BRDA:23,3,0,0
BRDA:23,3,1,2
BRDA:26,4,0,0
BRDA:26,4,1,0
BRDA:29,5,0,0
BRDA:29,5,1,0
BRDA:33,6,0,2
BRDA:33,6,1,0
BRDA:41,7,0,6
BRDA:41,7,1,2
BRDA:45,8,0,2
BRDA:45,8,1,4
BRDA:49,9,0,0
BRDA:49,9,1,4
BRF:20
BRH:13
end_of_record
TN:
SF:src/components/PhraseGrid/styles.ts
FNF:0
FNH:0
DA:1,2
DA:2,2
DA:4,2
DA:29,2
LF:4
LH:4
BRF:0
BRH:0
end_of_record
TN:
SF:src/components/SearchBar/index.tsx
FN:15,collapseSpaces
FN:19,(anonymous_1)
FN:23,(anonymous_2)
FN:34,(anonymous_3)
FNF:4
FNH:4
FNDA:9,collapseSpaces
FNDA:11,(anonymous_1)
FNDA:9,(anonymous_2)
FNDA:12,(anonymous_3)
DA:2,2
DA:3,2
DA:4,2
DA:5,2
DA:6,2
DA:12,2
DA:16,9
DA:19,2
DA:20,11
DA:21,11
DA:23,11
DA:24,9
DA:26,9
DA:27,8
DA:30,1
DA:34,11
DA:35,12
DA:39,11
DA:40,11
DA:42,9
DA:66,2
LF:21
LH:21
BRDA:26,0,0,8
BRDA:26,0,1,1
BRDA:26,1,0,9
BRDA:26,1,1,8
BRDA:39,2,0,11
BRDA:39,2,1,11
BRDA:40,3,0,2
BRDA:40,3,1,9
BRDA:51,4,0,0
BRDA:51,4,1,9
BRF:10
BRH:9
end_of_record
TN:
SF:src/components/SearchBar/styles.ts
FNF:0
FNH:0
DA:1,2
DA:2,2
DA:4,2
DA:10,2
DA:17,2
LF:5
LH:5
BRF:0
BRH:0
end_of_record
TN:
SF:src/context/PhrasesContext.tsx
FN:35,escapeRegExp
FN:39,(anonymous_1)
FN:46,(anonymous_2)
FN:60,(anonymous_3)
FN:77,(anonymous_4)
FN:89,(anonymous_5)
FN:93,(anonymous_6)
FN:97,(anonymous_7)
FN:99,(anonymous_8)
FN:109,(anonymous_9)
FN:113,(anonymous_10)
FN:117,(anonymous_11)
FN:125,(anonymous_12)
FN:134,(anonymous_13)
FN:138,(anonymous_14)
FN:142,(anonymous_15)
FN:158,(anonymous_16)
FNF:17
FNH:13
FNDA:0,escapeRegExp
FNDA:4,(anonymous_1)
FNDA:0,(anonymous_2)
FNDA:6,(anonymous_3)
FNDA:2,(anonymous_4)
FNDA:10,(anonymous_5)
FNDA:4,(anonymous_6)
FNDA:10,(anonymous_7)
FNDA:4,(anonymous_8)
FNDA:4,(anonymous_9)
FNDA:2,(anonymous_10)
FNDA:0,(anonymous_11)
FNDA:4,(anonymous_12)
FNDA:10,(anonymous_13)
FNDA:0,(anonymous_14)
FNDA:10,(anonymous_15)
FNDA:26,(anonymous_16)
DA:1,2
DA:30,2
DA:32,2
DA:36,0
DA:39,2
DA:40,4
DA:41,4
DA:42,4
DA:44,0
DA:45,0
DA:46,0
DA:51,0
DA:60,2
DA:61,6
DA:63,4
DA:75,2
DA:77,2
DA:80,0
DA:85,0
DA:89,2
DA:90,10
DA:93,4
DA:97,10
DA:98,10
DA:99,10
DA:103,10
DA:109,10
DA:110,4
DA:113,10
DA:114,2
DA:117,10
DA:118,0
DA:122,10
DA:125,10
DA:126,4
DA:127,4
DA:129,0
DA:130,0
DA:134,10
DA:135,10
DA:136,10
DA:138,0
DA:141,10
DA:142,10
DA:153,10
DA:158,2
DA:159,26
DA:160,26
DA:161,0
DA:163,26
LF:50
LH:38
BRDA:42,0,0,4
BRDA:42,0,1,0
BRDA:61,1,0,4
BRDA:61,1,1,2
BRDA:61,1,2,0
BRDA:61,1,3,0
BRDA:126,2,0,4
BRDA:126,2,1,0
BRDA:126,3,0,4
BRDA:126,3,1,0
BRDA:135,4,0,10
BRDA:135,4,1,0
BRDA:160,5,0,0
BRDA:160,5,1,26
BRF:14
BRH:7
end_of_record
TN:
SF:src/hoc/withLoading.tsx
FN:8,withLoading
FN:11,WithLoadingComponent
FN:15,(anonymous_2)
FNF:3
FNH:2
FNDA:2,withLoading
FNDA:10,WithLoadingComponent
FNDA:0,(anonymous_2)
DA:2,2
DA:8,2
DA:11,2
DA:12,10
DA:15,10
DA:16,0
DA:17,0
DA:18,0
DA:20,0
DA:24,10
LF:10
LH:6
BRF:0
BRH:0
end_of_record
TN:
SF:src/hooks/useDebounce.ts
FN:3,useDebounce
FN:11,(anonymous_1)
FN:16,(anonymous_2)
FNF:3
FNH:3
FNDA:11,useDebounce
FNDA:12,(anonymous_1)
FNDA:9,(anonymous_2)
DA:1,2
DA:3,2
DA:7,11
DA:10,11
DA:12,12
DA:13,3
DA:16,12
DA:17,9
LF:8
LH:8
BRDA:12,0,0,3
BRDA:12,0,1,9
BRF:2
BRH:2
end_of_record
TN:
SF:src/styles/colors.ts
FNF:0
FNH:0
DA:1,5
DA:23,5
LF:2
LH:2
BRF:0
BRH:0
end_of_record
